2023-02-17 01:25:15.113373  Create new category - first
2023-02-17 01:32:28.657079  Create new category - Second
2023-02-17 01:44:51.532438  Create new category - Third
2023-02-17 01:54:57.829675  Create new category - Category create finished
2023-02-17 02:18:38.492059  Create new category - 
2023-02-17 02:21:04.912823  Create new category - 
2023-02-17 02:21:20.796917  Create new category - 
2023-02-17 02:22:47.111356  Create new category - Empty name
2023-02-17 02:45:05.371757  Create new category - first
2023-02-17 02:51:40.990954  Create new category - second find ID
2023-02-17 02:58:50.816991  Create new category - find id
2023-02-17 03:50:14.732506  Create new category - id
2023-02-17 03:58:43.206979  Create new category - id
2023-02-17 03:59:05.830542  Create new category - id2
2023-02-17 04:09:22.441735  Create new category - 12
2023-02-17 04:15:48.465019  Create new category - 123
2023-02-17 04:17:07.426343  Create new category - Werner
2023-02-17 15:19:22.987094  Create new category - title
2023-02-17 15:57:15.679200  Create new category - Creational
2023-02-17 15:58:55.324188  Create new category - Creational
2023-02-17 16:04:13.389124  Create new category - val
2023-02-17 16:10:10.981363  Create new category - task
2023-02-17 16:11:56.375884  Create new category - seek id
2023-02-17 16:13:32.421216  Create new category - 1
2023-02-17 16:14:50.269127  Create new category - 1
2023-02-17 16:16:43.186902  Create new category - 1
2023-02-17 16:18:08.266877  Create new category - 1
2023-02-17 16:21:07.057023  Create new category - WHAAAAT
2023-02-17 16:25:02.793427  Create new category - 1
2023-02-17 16:30:29.369533  Create new category - 1
2023-02-17 16:39:18.777647  Create new category - 1
2023-02-17 16:41:30.128415  Create new category - qw
2023-02-17 16:49:43.182039  Create new category - ;(
2023-02-17 17:07:22.923074  Create new category - first
2023-02-17 17:07:35.139672  Create new category - second
2023-02-17 17:15:00.263536  Create new category - sdlfhsd
2023-02-17 17:17:34.955823  Create new category - pdf
2023-02-17 17:20:39.501827  Create new category - lksdfj
2023-02-17 17:22:31.220613  Create new category - categ
2023-02-17 17:25:43.707114  Create new category - dfgh
2023-02-17 17:27:43.775240  Create new category - bird
2023-02-17 17:31:49.345719  Create new category - sgjh
2023-02-17 17:34:03.305295  Create new category - lek
2023-02-17 17:36:18.732636  Create new category - holi
2023-02-17 17:37:46.848715  Create new category - bbt
2023-02-17 17:42:05.386714  Create new category - 56
2023-02-17 17:44:39.446096  Create new category - first
2023-02-17 17:44:50.222270  Create new category - second
2023-02-17 17:47:30.919877  Create new category - pdf
2023-02-17 17:50:04.097206  Create new category - kjhg
2023-02-17 17:50:28.379647  Create new category - ski
2023-02-17 17:51:52.563032  Create new category - first
2023-02-17 17:51:57.911734  Create new category - second
2023-02-17 17:58:12.530500  Create new category - first
2023-02-17 17:58:19.625926  Create new category - second
2023-02-17 18:04:57.516891  Create new category - first
2023-02-17 18:11:41.172053  Create new category - dgfdgdffg
2023-02-17 18:26:02.362961  Create new category - category
2023-02-17 18:30:34.789798  Create new category - Cooks
2023-02-17 18:30:46.749304  Create new category - borsch
2023-02-17 18:30:57.306171  Create new category - lime
2023-02-17 18:40:11.223783  Create new category - Artemii
2023-02-17 18:40:31.407660  Create new category - School boy
2023-02-17 18:43:19.502516  Create new category - the
2023-02-17 18:44:25.234282  Create new category - course
2023-02-17 18:46:38.958933  Create new category - Finish
2023-02-17 18:46:48.446750  Create new category - Start
2023-02-17 18:46:56.264154  Create new category - Joe
2023-02-17 18:47:03.894003  Create new category - Sam
2023-02-17 18:47:18.979893  Create new category - Mary
2023-02-17 18:47:25.430474  Create new category - Mike
2023-02-17 18:49:23.088110  Create new category - Checkpoint
2023-02-17 18:50:16.036665  Create new category - Leo
2023-02-17 18:50:37.419620  Create new category - Checkpoint
2023-02-17 18:53:49.768035  Create new category - School
2023-02-17 18:53:56.802634  Create new category - dfjkn
2023-02-17 18:54:04.608768  Create new category - sdfsdfs
2023-02-17 18:58:57.734003  Create new category - Update
2023-02-17 18:59:07.416923  Create new category - updated
2023-02-17 19:11:50.479139  Create new category - fghgf
2023-02-17 19:11:55.519590  Create new category - safe
2023-02-17 19:22:35.076427  Create new category - Copying
2023-02-17 19:22:47.809457  Create new category - copy_me
2023-02-17 19:46:31.067862  Create new category - Last test
2023-02-17 19:46:43.582959  Create new category - Get pay
2023-02-17 19:46:58.989923  Create new category - Spend all money
2023-02-17 19:47:15.983150  Create new category - Ready to commit
2023-02-17 19:47:47.594170  Create new category - and push
2023-02-19 11:30:41.257005  Create new category - post category
2023-02-19 11:31:11.055496  Create new category - creating post queries course
2023-02-19 11:31:29.312639  Create new category - second part
2023-02-19 11:31:45.555922  Create new category - get category
2023-02-19 11:31:54.866018  Create new category - dslkflk 2
2023-02-19 14:51:42.113227  Create new category - вап
2023-02-19 14:51:46.023217  Create new category - ваппп
2023-02-19 20:40:02.533827  Create new category - Math
2023-02-19 20:40:24.452499  Create new category - on monday
2023-02-19 20:40:44.070255  Create new category - on Tuesday
2023-02-21 13:58:11.329815  Create new category - 12
2023-02-21 13:58:14.746432  Create new category - 233232
2023-02-24 12:19:39.662283  Create new category - ук
2023-02-24 12:19:42.925955  Create new category - уже
2023-02-25 15:40:35.656387  Create new category - Tru
2023-02-26 10:43:12.966431  Create new category - First
2023-02-26 10:43:22.631839  Create new category - one
2023-02-26 10:43:33.063547  Create new category - two
2023-02-26 10:48:25.381371  Create new category - Second
2023-02-26 10:48:57.147735  Create new category - third
2023-02-26 10:52:05.795295  Create new category - First
2023-02-26 10:52:16.094824  Create new category - one
2023-02-26 10:52:26.361590  Create new category - two
2023-02-26 10:56:06.376903  Create new category - First
2023-02-26 10:56:15.010622  Create new category - one
2023-02-26 10:56:24.942311  Create new category - Second
2023-02-26 11:01:53.769427  Create new category - first
2023-02-26 11:01:58.019780  Create new category - one
2023-02-26 13:57:49.121003  Create new category - hghggghgh
2023-02-26 13:57:56.837920  Create new category - llnknkj
2023-02-26 14:59:07.809044  Create new category - Test
2023-02-26 14:59:16.909607  Create new category - tststs
2023-02-26 15:22:30.723524  Create new category - category_1
2023-02-26 15:22:37.870555  Create new category - category_2
2023-02-26 15:22:47.828935  Create new category - course_11
2023-02-26 15:22:54.379539  Create new category - course_12
2023-02-26 15:23:32.785884  Create new category - course_21
2023-02-26 15:26:26.730947  Create new category - 1111
2023-02-26 15:26:30.578555  Create new category - 2222
2023-02-26 15:32:14.467965  Create new category - 1111
2023-02-26 15:32:19.051259  Create new category - 2222
2023-02-26 15:44:18.112020  Create new category - 1111
2023-02-26 15:44:22.011101  Create new category - 22222
2023-02-26 15:50:16.370930  Create new category - 11111
2023-02-26 15:50:20.620273  Create new category - 22222
2023-02-26 16:10:20.619470  Create new category - 1111
2023-02-26 16:10:24.869025  Create new category - 2222
2023-02-26 16:13:22.991675  Create new category - 111111
2023-02-26 16:13:27.666502  Create new category - 222222
2023-02-26 16:23:15.092680  Create new category - 11111
2023-02-26 16:23:18.726999  Create new category - 22222
2023-02-26 16:26:08.894517  Create new category - Category
2023-02-26 16:26:14.928432  Create new category - Course
2023-02-26 16:30:47.386357  Create new category - Cat
2023-02-26 16:30:53.900718  Create new category - Course
2023-02-26 16:39:30.549248  Create new category - Cat
2023-02-26 16:39:40.474928  Create new category - Course
2023-02-28 02:18:42.378021  Create new category - jn
2023-02-28 02:18:46.894741  Create new category - ;l;;mm;
