2023-02-13 18:45:12.165850  Started secret_front with {'method': 'get'}
2023-02-13 18:45:12.183734  Started secret_front with {'method': 'get'}
2023-02-13 18:45:13.165473  Started secret_front with {'method': 'get'}
2023-02-13 18:45:14.749256  Started secret_front with {'method': 'get'}
2023-02-14 10:58:24.966831  Started secret_front with {'method': 'get'}
2023-02-14 10:58:24.986136  Started secret_front with {'method': 'get'}
2023-02-14 10:58:34.297251  Started secret_front with {'method': 'get'}
2023-02-14 10:58:35.179483  Started secret_front with {'method': 'get'}
2023-02-14 10:58:36.512928  Started secret_front with {'method': 'get'}
2023-02-14 10:58:38.547937  Started secret_front with {'method': 'get'}
2023-02-14 10:58:38.560885  Started secret_front with {'method': 'get'}
2023-02-16 22:17:51.868434  Started secret_front with {'method': 'get'}
2023-02-16 22:17:51.876437  Started secret_front with {'method': 'get'}
2023-02-16 22:17:51.891713  Started secret_front with {'method': 'get'}
2023-02-16 22:17:51.893200  Started secret_front with {'method': 'get'}
2023-02-16 22:17:54.008881  Started secret_front with {'method': 'get'}
2023-02-16 22:17:54.709904  Started secret_front with {'method': 'get'}
2023-02-16 22:17:55.466696  Started secret_front with {'method': 'get'}
2023-02-16 22:17:56.818376  Started secret_front with {'method': 'get'}
2023-02-16 22:17:56.829960  Started secret_front with {'method': 'get'}
2023-02-16 23:06:36.980557  Started secret_front with {'method': 'get'}
2023-02-16 23:06:39.104281  Started secret_front with {'method': 'get'}
2023-02-16 23:07:01.340789  Started secret_front with {'method': 'post', 'request_post_data': {'name': 'name', 'email': 'email@gmail.com', 'text': 'text', 'contact_submitted': 'submit'}}
2023-02-16 23:07:07.624617  Started secret_front with {'method': 'get'}
2023-02-16 23:07:07.639901  Started secret_front with {'method': 'get'}
2023-02-16 23:30:56.244254  Started secret_front with {'method': 'get'}
2023-02-16 23:30:56.266283  Started secret_front with {'method': 'get'}
2023-02-16 23:30:59.283142  Started secret_front with {'method': 'get'}
2023-02-16 23:30:59.295914  Started secret_front with {'method': 'get'}
2023-02-16 23:31:01.189274  Started secret_front with {'method': 'get'}
2023-02-16 23:31:22.811268  Started secret_front with {'method': 'post', 'request_post_data': {'category_name': 'ver ver', 'create_category': 'submit'}}
2023-02-16 23:38:06.633763  Started secret_front with {'method': 'get'}
2023-02-16 23:38:06.647645  Started secret_front with {'method': 'get'}
2023-02-16 23:38:10.892090  Started secret_front with {'method': 'get'}
2023-02-16 23:38:10.905688  Started secret_front with {'method': 'get'}
2023-02-16 23:38:16.509155  Started secret_front with {'method': 'get'}
2023-02-16 23:38:16.525361  Started secret_front with {'method': 'get'}
2023-02-16 23:38:26.544223  Started secret_front with {'method': 'get'}
2023-02-16 23:44:57.936473  Started secret_front with {'method': 'post', 'request_post_data': {'category_name': 'sdfsd', 'create_category': 'submit'}}
2023-02-16 23:45:09.242051  Started secret_front with {'method': 'get'}
2023-02-16 23:45:14.596153  Started secret_front with {'method': 'post', 'request_post_data': {'category_name': 'asdasd', 'create_category': 'submit'}}
2023-02-16 23:45:56.042680  Started secret_front with {'method': 'get'}
2023-02-16 23:46:02.984577  Started secret_front with {'method': 'post', 'request_post_data': {'category_name': 'asdasd', 'create_category': 'submit'}}
2023-02-16 23:47:30.674740  Started secret_front with {'method': 'get'}
2023-02-16 23:47:30.697300  Started secret_front with {'method': 'get'}
2023-02-16 23:47:57.899722  Started secret_front with {'method': 'get'}
2023-02-16 23:48:01.450217  Started secret_front with {'method': 'post', 'request_post_data': {'category_name': 'sdfsdf', 'create_category': 'submit'}}
2023-02-16 23:48:11.913716  Started secret_front with {'method': 'get'}
2023-02-16 23:53:15.995851  Started secret_front with {'method': 'get'}
2023-02-16 23:53:16.011960  Started secret_front with {'method': 'get'}
2023-02-16 23:53:29.787225  Started secret_front with {'method': 'get'}
2023-02-16 23:54:03.302353  Started secret_front with {'method': 'post', 'request_post_data': {'category_name': 'sdfsdf', 'create_category': 'submit'}}
2023-02-16 23:55:21.998266  Started secret_front with {'method': 'get'}
2023-02-16 23:55:22.017710  Started secret_front with {'method': 'get'}
2023-02-16 23:55:40.401204  Started secret_front with {'method': 'get'}
2023-02-16 23:56:29.487885  Started secret_front with {'method': 'get'}
2023-02-16 23:56:32.647505  Started secret_front with {'method': 'post', 'request_post_data': {'category_name': 'sdfsdfsf', 'create_category': 'submit'}}
2023-02-16 23:57:06.417817  Started secret_front with {'method': 'get'}
2023-02-16 23:57:09.835919  Started secret_front with {'method': 'post', 'request_post_data': {'category_name': 'sdfsdfs', 'create_category': 'submit'}}
2023-02-16 23:58:38.182215  Started secret_front with {'method': 'get'}
2023-02-16 23:58:38.202517  Started secret_front with {'method': 'get'}
2023-02-16 23:58:49.656051  Started secret_front with {'method': 'get'}
2023-02-16 23:58:49.668412  Started secret_front with {'method': 'get'}
2023-02-16 23:58:54.422009  Started secret_front with {'method': 'get'}
2023-02-16 23:58:59.878655  Started secret_front with {'method': 'post', 'request_post_data': {'category_name': 'sdfsdfs', 'create_category': 'submit'}}
2023-02-16 23:59:36.033865  Started secret_front with {'method': 'get'}
2023-02-16 23:59:36.055288  Started secret_front with {'method': 'get'}
2023-02-16 23:59:45.411492  Started secret_front with {'method': 'get'}
2023-02-17 00:00:00.207136  Started secret_front with {'method': 'get'}
2023-02-17 00:00:06.019289  Started secret_front with {'method': 'post', 'request_post_data': {'category_name': 'sdfsdfdsf', 'create_category': 'submit'}}
2023-02-17 00:00:16.951725  Started secret_front with {'method': 'get'}
2023-02-17 00:00:18.863237  Started secret_front with {'method': 'get'}
2023-02-17 00:03:14.534216  Started secret_front with {'method': 'get'}
2023-02-17 00:03:14.551926  Started secret_front with {'method': 'get'}
2023-02-17 00:03:14.924981  Started secret_front with {'method': 'get'}
2023-02-17 00:03:20.162504  Started secret_front with {'method': 'post', 'request_post_data': {'category_name': 'asdasdad', 'create_category': 'submit'}}
2023-02-17 00:05:56.232539  Started secret_front with {'method': 'post', 'request_post_data': {'category_name': 'asdasdad', 'create_category': 'submit'}}
2023-02-17 00:07:10.335573  Started secret_front with {'method': 'get'}
2023-02-17 00:07:10.355015  Started secret_front with {'method': 'get'}
2023-02-17 00:07:20.732567  Started secret_front with {'method': 'get'}
2023-02-17 00:07:25.049895  Started secret_front with {'method': 'post', 'request_post_data': {'category_name': 'sdfsdfsdf', 'create_category': 'submit'}}
2023-02-17 00:08:44.375772  Started secret_front with {'method': 'get'}
2023-02-17 00:08:44.390322  Started secret_front with {'method': 'get'}
2023-02-17 00:08:47.505342  Started secret_front with {'method': 'get'}
2023-02-17 00:08:47.517898  Started secret_front with {'method': 'get'}
2023-02-17 00:08:51.742018  Started secret_front with {'method': 'get'}
2023-02-17 00:08:51.796075  Started secret_front with {'method': 'get'}
2023-02-17 00:08:51.806895  Started secret_front with {'method': 'get'}
2023-02-17 00:08:59.163585  Started secret_front with {'method': 'get'}
2023-02-17 00:08:59.178217  Started secret_front with {'method': 'get'}
2023-02-17 00:08:59.493138  Started secret_front with {'method': 'get'}
2023-02-17 00:09:04.893899  Started secret_front with {'method': 'post', 'request_post_data': {'category_name': 'sdfsdwefw', 'create_category': 'submit'}}
2023-02-17 00:10:09.265118  Started secret_front with {'method': 'get'}
2023-02-17 00:10:09.266165  Started secret_front with {'method': 'get'}
2023-02-17 00:10:09.266880  Started secret_front with {'method': 'get'}
2023-02-17 00:10:15.403564  Started secret_front with {'method': 'get'}
2023-02-17 00:10:15.420656  Started secret_front with {'method': 'get'}
2023-02-17 00:29:00.581996  Started secret_front with {'method': 'get'}
2023-02-17 00:29:25.246495  Started secret_front with {'method': 'get'}
2023-02-17 00:30:19.750582  Started secret_front with {'method': 'get'}
2023-02-17 00:30:19.770057  Started secret_front with {'method': 'get'}
2023-02-17 00:30:46.028716  Started secret_front with {'method': 'get'}
2023-02-17 00:30:46.045122  Started secret_front with {'method': 'get'}
2023-02-17 00:30:48.314111  Started secret_front with {'method': 'get'}
2023-02-17 00:30:54.228806  Started secret_front with {'method': 'get'}
2023-02-17 00:30:59.888627  Started secret_front with {'method': 'post', 'request_post_data': {'category_name': 'sdfsdfsdf', 'create_category': 'submit'}}
2023-02-17 00:36:14.856066  Started secret_front with {'method': 'get'}
2023-02-17 00:36:14.873726  Started secret_front with {'method': 'get'}
2023-02-17 00:36:25.363583  Started secret_front with {'method': 'get'}
2023-02-17 00:36:25.376969  Started secret_front with {'method': 'get'}
2023-02-17 00:36:27.508026  Started secret_front with {'method': 'get'}
2023-02-17 00:36:32.830946  Started secret_front with {'method': 'post', 'request_post_data': {'category_name': 'ываываыва', 'create_category': 'submit'}}
2023-02-17 00:37:28.164765  Started secret_front with {'method': 'get'}
2023-02-17 00:37:28.186260  Started secret_front with {'method': 'get'}
2023-02-17 00:37:38.747247  Started secret_front with {'method': 'get'}
2023-02-17 00:37:42.240604  Started secret_front with {'method': 'post', 'request_post_data': {'category_name': 'sdfsd', 'create_category': 'submit'}}
2023-02-17 00:39:59.359619  Started secret_front with {'method': 'get'}
2023-02-17 00:41:23.766926  Started secret_front with {'method': 'get'}
2023-02-17 00:41:23.788220  Started secret_front with {'method': 'get'}
2023-02-17 00:41:34.275048  Started secret_front with {'method': 'get'}
2023-02-17 00:41:34.289956  Started secret_front with {'method': 'get'}
2023-02-17 00:41:35.946452  Started secret_front with {'method': 'get'}
2023-02-17 00:41:40.040442  Started secret_front with {'method': 'post', 'request_post_data': {'category_name': 'sadfasdf', 'create_category': 'submit'}}
2023-02-17 00:48:12.717313  Started secret_front with {'method': 'get'}
2023-02-17 00:48:12.732121  Started secret_front with {'method': 'get'}
2023-02-17 00:50:04.646808  Started secret_front with {'method': 'get'}
2023-02-17 00:50:04.663706  Started secret_front with {'method': 'get'}
2023-02-17 00:50:12.695875  Started secret_front with {'method': 'get'}
2023-02-17 00:50:46.953503  Started secret_front with {'method': 'get'}
2023-02-17 00:50:54.811109  Started secret_front with {'method': 'post', 'request_post_data': {'category_name': 'Fuck you', 'create_category': 'submit'}}
2023-02-17 00:51:04.845455  Started secret_front with {'method': 'get'}
2023-02-17 00:51:04.859178  Started secret_front with {'method': 'get'}
2023-02-17 00:52:15.216221  Started secret_front with {'method': 'get'}
2023-02-17 00:57:29.529375  Started secret_front with {'method': 'get'}
2023-02-17 00:57:29.551839  Started secret_front with {'method': 'get'}
2023-02-17 00:57:33.107328  Started secret_front with {'method': 'get'}
2023-02-17 00:57:38.248689  Started secret_front with {'method': 'get'}
2023-02-17 00:57:43.500472  Started secret_front with {'method': 'post', 'request_post_data': {'category_name': '345345', 'create_category': 'submit'}}
2023-02-17 01:07:27.203081  Started secret_front with {'method': 'get'}
2023-02-17 01:07:27.216237  Started secret_front with {'method': 'get'}
2023-02-17 01:08:09.130837  Started secret_front with {'method': 'get'}
2023-02-17 01:08:11.400358  Started secret_front with {'method': 'get'}
2023-02-17 01:11:47.415579  Started secret_front with {'method': 'get'}
2023-02-17 01:11:47.432694  Started secret_front with {'method': 'get'}
2023-02-17 01:11:49.575388  Started secret_front with {'method': 'get'}
2023-02-17 01:14:08.975334  Started secret_front with {'method': 'get'}
2023-02-17 01:14:08.992007  Started secret_front with {'method': 'get'}
2023-02-17 01:14:16.405447  Started secret_front with {'method': 'get'}
2023-02-17 01:14:18.445998  Started secret_front with {'method': 'get'}
2023-02-17 01:14:24.541310  Started secret_front with {'method': 'post', 'request_post_data': {'category_name': 'first', 'create_category': 'submit'}}
2023-02-17 01:14:52.933831  Started secret_front with {'method': 'get'}
2023-02-17 01:14:52.952490  Started secret_front with {'method': 'get'}
2023-02-17 01:14:54.375985  Started secret_front with {'method': 'get'}
2023-02-17 01:14:55.861168  Started secret_front with {'method': 'get'}
2023-02-17 01:15:01.059009  Started secret_front with {'method': 'post', 'request_post_data': {'category_name': 'first', 'create_category': 'submit'}}
2023-02-17 01:18:42.073145  Started secret_front with {'method': 'get'}
2023-02-17 01:18:42.093671  Started secret_front with {'method': 'get'}
2023-02-17 01:18:43.984424  Started secret_front with {'method': 'get'}
2023-02-17 01:18:46.024427  Started secret_front with {'method': 'get'}
2023-02-17 01:18:51.949177  Started secret_front with {'method': 'post', 'request_post_data': {'category_name': 'first', 'create_category': 'submit'}}
2023-02-17 01:21:57.377196  Started secret_front with {'method': 'get'}
2023-02-17 01:21:57.395316  Started secret_front with {'method': 'get'}
2023-02-17 01:21:58.517708  Started secret_front with {'method': 'get'}
2023-02-17 01:22:03.404984  Started secret_front with {'method': 'get'}
2023-02-17 01:22:07.861412  Started secret_front with {'method': 'post', 'request_post_data': {'category_name': 'first', 'create_category': 'submit'}}
2023-02-17 01:25:02.378314  Started secret_front with {'method': 'get'}
2023-02-17 01:25:02.392896  Started secret_front with {'method': 'get'}
2023-02-17 01:25:03.938318  Started secret_front with {'method': 'get'}
2023-02-17 01:25:05.505047  Started secret_front with {'method': 'get'}
2023-02-17 01:25:15.112717  Started secret_front with {'method': 'post', 'request_post_data': {'category_name': 'first', 'create_category': 'submit'}}
2023-02-17 01:31:47.928829  Started secret_front with {'method': 'get'}
2023-02-17 01:31:47.951726  Started secret_front with {'method': 'get'}
2023-02-17 01:31:49.435219  Started secret_front with {'method': 'get'}
2023-02-17 01:31:50.405821  Started secret_front with {'method': 'get'}
2023-02-17 01:31:51.977355  Started secret_front with {'method': 'get'}
2023-02-17 01:32:02.117402  Started secret_front with {'method': 'get'}
2023-02-17 01:32:28.656503  Started secret_front with {'method': 'post', 'request_post_data': {'category_name': 'Second', 'create_category': 'submit'}}
2023-02-17 01:40:15.095925  Started secret_front with {'method': 'get'}
2023-02-17 01:40:16.014946  Started secret_front with {'method': 'get'}
2023-02-17 01:40:16.930402  Started secret_front with {'method': 'get'}
2023-02-17 01:40:17.915601  Started secret_front with {'method': 'get'}
2023-02-17 01:40:19.306777  Started secret_front with {'method': 'get'}
2023-02-17 01:40:19.319671  Started secret_front with {'method': 'get'}
2023-02-17 01:40:24.734411  Started secret_front with {'method': 'get'}
2023-02-17 01:40:24.752420  Started secret_front with {'method': 'get'}
2023-02-17 01:40:27.183300  Started secret_front with {'method': 'get'}
2023-02-17 01:40:28.174258  Started secret_front with {'method': 'get'}
2023-02-17 01:40:29.013283  Started secret_front with {'method': 'get'}
2023-02-17 01:41:14.234914  Started secret_front with {'method': 'get'}
2023-02-17 01:41:14.256217  Started secret_front with {'method': 'get'}
2023-02-17 01:41:15.555426  Started secret_front with {'method': 'get'}
2023-02-17 01:41:23.460184  Started secret_front with {'method': 'get'}
2023-02-17 01:43:47.677106  Started secret_front with {'method': 'get'}
2023-02-17 01:43:49.495714  Started secret_front with {'method': 'get'}
2023-02-17 01:44:51.531936  Started secret_front with {'method': 'post', 'request_post_data': {'category_name': 'Third', 'create_category': 'submit'}}
2023-02-17 01:48:41.330646  Started secret_front with {'method': 'get'}
2023-02-17 01:50:01.378042  Started secret_front with {'method': 'get'}
2023-02-17 01:50:01.393412  Started secret_front with {'method': 'get'}
2023-02-17 01:50:02.085371  Started secret_front with {'method': 'get'}
2023-02-17 01:51:55.511946  Started secret_front with {'method': 'get'}
2023-02-17 01:51:56.312260  Started secret_front with {'method': 'get'}
2023-02-17 01:51:59.012769  Started secret_front with {'method': 'get'}
2023-02-17 01:53:24.624241  Started secret_front with {'method': 'get'}
2023-02-17 01:53:31.944093  Started secret_front with {'method': 'get'}
2023-02-17 01:53:35.361841  Started secret_front with {'method': 'get'}
2023-02-17 01:54:20.325239  Started secret_front with {'method': 'get'}
2023-02-17 01:54:28.578296  Started secret_front with {'method': 'get'}
2023-02-17 01:54:57.829284  Started secret_front with {'method': 'post', 'request_post_data': {'category_name': 'Category create finished', 'create_category': 'submit'}}
2023-02-17 01:59:30.819205  Started secret_front with {'method': 'get'}
2023-02-17 01:59:31.738920  Started secret_front with {'method': 'get'}
2023-02-17 01:59:39.317940  Started secret_front with {'method': 'get'}
2023-02-17 01:59:47.475231  Started secret_front with {'method': 'get'}
2023-02-17 01:59:48.578945  Started secret_front with {'method': 'get'}
2023-02-17 01:59:50.527038  Started secret_front with {'method': 'get'}
2023-02-17 02:01:15.447714  Started secret_front with {'method': 'get'}
2023-02-17 02:02:14.849904  Started secret_front with {'method': 'get'}
2023-02-17 02:02:17.020227  Started secret_front with {'method': 'get'}
2023-02-17 02:02:39.301319  Started secret_front with {'method': 'get'}
2023-02-17 02:06:50.123317  Started secret_front with {'method': 'get'}
2023-02-17 02:06:54.643198  Started secret_front with {'method': 'get'}
2023-02-17 02:06:55.945267  Started secret_front with {'method': 'get'}
2023-02-17 02:06:58.069214  Started secret_front with {'method': 'get'}
2023-02-17 02:09:34.629496  Started secret_front with {'method': 'get'}
2023-02-17 02:09:38.069216  Started secret_front with {'method': 'get'}
2023-02-17 02:09:39.327014  Started secret_front with {'method': 'get'}
2023-02-17 02:09:41.116697  Started secret_front with {'method': 'get'}
2023-02-17 02:12:22.272255  Started secret_front with {'method': 'get'}
2023-02-17 02:13:59.497353  Started secret_front with {'method': 'get'}
2023-02-17 02:16:17.256963  Started secret_front with {'method': 'get'}
2023-02-17 02:16:24.189998  Started secret_front with {'method': 'get'}
2023-02-17 02:16:25.465706  Started secret_front with {'method': 'get'}
2023-02-17 02:16:26.763672  Started secret_front with {'method': 'get'}
2023-02-17 02:16:28.304114  Started secret_front with {'method': 'get'}
2023-02-17 02:16:29.382481  Started secret_front with {'method': 'get'}
2023-02-17 02:16:33.362686  Started secret_front with {'method': 'get'}
2023-02-17 02:17:23.379781  Started secret_front with {'method': 'get'}
2023-02-17 02:17:26.668264  Started secret_front with {'method': 'get'}
2023-02-17 02:17:28.914001  Started secret_front with {'method': 'get'}
2023-02-17 02:17:30.334284  Started secret_front with {'method': 'get'}
2023-02-17 02:17:31.203136  Started secret_front with {'method': 'get'}
2023-02-17 02:18:18.538748  Started secret_front with {'method': 'get'}
2023-02-17 02:18:20.251894  Started secret_front with {'method': 'get'}
2023-02-17 02:18:20.795464  Started secret_front with {'method': 'get'}
2023-02-17 02:18:21.405232  Started secret_front with {'method': 'get'}
2023-02-17 02:18:22.055602  Started secret_front with {'method': 'get'}
2023-02-17 02:18:23.346754  Started secret_front with {'method': 'get'}
2023-02-17 02:18:24.575364  Started secret_front with {'method': 'get'}
2023-02-17 02:18:25.646937  Started secret_front with {'method': 'get'}
2023-02-17 02:18:27.780533  Started secret_front with {'method': 'get'}
2023-02-17 02:18:32.211004  Started secret_front with {'method': 'get'}
2023-02-17 02:18:33.657004  Started secret_front with {'method': 'get'}
2023-02-17 02:18:34.616975  Started secret_front with {'method': 'get'}
2023-02-17 02:18:38.491594  Started secret_front with {'method': 'post', 'request_post_data': {'category_name': '', 'create_category': 'Submit'}}
2023-02-17 02:21:04.912367  Started secret_front with {'method': 'post', 'request_post_data': {'category_name': '', 'create_category': 'Submit'}}
2023-02-17 02:21:06.729758  Started secret_front with {'method': 'get'}
2023-02-17 02:21:07.627233  Started secret_front with {'method': 'get'}
2023-02-17 02:21:17.020003  Started secret_front with {'method': 'get'}
2023-02-17 02:21:17.967033  Started secret_front with {'method': 'get'}
2023-02-17 02:21:19.348422  Started secret_front with {'method': 'get'}
2023-02-17 02:21:20.796426  Started secret_front with {'method': 'post', 'request_post_data': {'category_name': '', 'create_category': 'Submit'}}
2023-02-17 02:22:43.350500  Started secret_front with {'method': 'get'}
2023-02-17 02:22:44.438787  Started secret_front with {'method': 'get'}
2023-02-17 02:22:45.632951  Started secret_front with {'method': 'get'}
2023-02-17 02:22:47.110569  Started secret_front with {'method': 'post', 'request_post_data': {'category_name': '', 'create_category': 'Submit'}}
2023-02-17 02:23:07.080238  Started secret_front with {'method': 'get'}
