2023-02-13 01:26:20.685705  Load Index page
2023-02-13 01:28:36.981967  Load Home page
2023-02-13 01:28:37.865086  Load Other page
2023-02-13 01:28:38.765171  Load Post page
2023-02-13 01:28:39.583068  Load Index page
2023-02-13 01:28:39.596669  Load 404 page
2023-02-13 18:21:10.995402  Load Index page
2023-02-13 18:21:11.013973  Load 404 page
2023-02-13 18:21:14.297746  Load Home page
2023-02-13 18:21:15.547993  Load Other page
2023-02-13 18:21:16.597837  Load Post page
2023-02-13 18:21:17.846461  Load Index page
2023-02-13 18:21:17.857639  Load 404 page
2023-02-13 18:24:07.161397  Load Home page
2023-02-13 18:29:10.490712  Load Index page
2023-02-13 18:29:10.508300  Load 404 page
2023-02-13 18:29:11.871084  Load Home page
2023-02-13 18:29:12.953563  Load Other page
2023-02-13 18:29:14.169797  Load Post page
2023-02-13 18:31:37.366465  Load Home page
2023-02-13 18:31:37.968641  Load Other page
2023-02-13 18:34:19.316946  Load Index page with {'method': 'get', 'secret': '13.02.2023', 'key': [b'PATH: /Users/diver.vlz/Documents/Patterns/venv/bin:/opt/homebrew/bin:/opt/homebrew/sbin:/Library/Frameworks/Python.framework/Versions/3.10/bin:/usr/local/bin:/System/Cryptexes/App/usr/bin:/usr/bin:/bin:/usr/sbin:/sbin\n', b'MANPATH: /opt/homebrew/share/man::\n', b'HOMEBREW_PREFIX: /opt/homebrew\n', b'COMMAND_MODE: unix2003\n', b'PS1: (venv) \n', b'LOGNAME: diver.vlz\n', b'HOMEBREW_REPOSITORY: /opt/homebrew\n', b'XPC_SERVICE_NAME: application.com.jetbrains.pycharm.286427.287187\n', b'PWD: /Users/diver.vlz/Documents/Patterns/Pattern/LocalProgect\n', b'PYCHARM_HOSTED: 1\n', b'INFOPATH: /opt/homebrew/share/info:\n', b'__CFBundleIdentifier: com.jetbrains.pycharm\n', b'PYTHONPATH: /Users/diver.vlz/Documents/Patterns\n', b'SHELL: /bin/zsh\n', b'PYTHONIOENCODING: UTF-8\n', b'OLDPWD: /\n', b'HOMEBREW_CELLAR: /opt/homebrew/Cellar\n', b'USER: diver.vlz\n', b'TMPDIR: /var/folders/p1/qs7c6c1x0xqg2s_lnhfmwg9m0000gn/T/\n', b'SSH_AUTH_SOCK: /private/tmp/com.apple.launchd.D7bbebUQBV/Listeners\n', b'VIRTUAL_ENV: /Users/diver.vlz/Documents/Patterns/venv\n', b'XPC_FLAGS: 0x0\n', b'PYTHONUNBUFFERED: 1\n', b'__CF_USER_TEXT_ENCODING: 0x1F5:0x7:0x31\n', b'LC_CTYPE: ru_RU.UTF-8\n', b'HOME: /Users/diver.vlz\n'], 'description': "Вывод переменной environ['PATH_INFO'] из базовой логики приложения:", 'data': [{'object': 'ПС 750 кВ Копорская', 'object_number': '3.1', 'items': [{'item_number': '3.1.1', 'item_title': 'ПКУС №1 (№2) по ВОКС ПС 750 кВ Копорская –  ПС 330 кВ Кингисеппская, ПС 330 кВ Гатчинская, ПС 750 кВ Ленинградская'}, {'item_number': '3.1.2', 'item_title': 'ПКУС №3 (№4) по ВОКС ПС 750 кВ Копорская –  Ленинградская АЭС (ОРУ 330 кВ, ОРУ 750 кВ), ПС 330 кВ Звёздная'}, {'item_number': '3.1.3', 'item_title': 'NSD №1 (№2) по ВОКС ПС 750 кВ Копорская – ПС 330 кВ Пулковская'}]}, {'object': 'ПС 750 кВ Ленинградская', 'object_number': '3.2', 'items': [{'item_number': '3.2.1', 'item_title': 'ПКУ по ВОКС ПС 750 кВ Ленинградская – ПС 330 кВ Колпино,  ПС 330 кВ Восточная'}, {'item_number': '3.2.2', 'item_title': 'ПКУС №1 по ВОКС ПС 750 кВ Ленинградская – ПС 400 кВ Выборгская, ПС 330 кВ Звёздная, Новгородская ТЭЦ, Киришская ГРЭС, Правобережная ТЭЦ'}, {'item_number': '3.2.3', 'item_title': 'ПКУС №2 по ВОКС ПС 750 кВ Ленинградская – ПС 330 кВ Звёздная, Новгородская ТЭЦ, Киришская ГРЭС, Правобережная ТЭЦ'}, {'item_number': '3.2.4', 'item_title': 'ПКУС №3 по ВОКС ПС 750 кВ Ленинградская – ПС 330 кВ Центральная, ПС 330 кВ Парнас, ПС 330 кВ Завод Ильич'}, {'item_number': '3.2.5', 'item_title': 'ПКУС №4 по ВОКС ПС 750 кВ Ленинградская – ПС 330 кВ Центральная, ПС 330 кВ Парнас, ПС 330 кВ Завод Ильич, ПС 750 кВ Копорская'}, {'item_number': '3.2.6', 'item_title': 'ПКУС №7 по ВОКС ПС 750 кВ Ленинградская – ПС 330 кВ Кингисеппская, ПС 750 кВ Копорская, Ленинградская АЭС'}, {'item_number': '3.2.7', 'item_title': 'ПКУС №2 по ВОКС ПС 330 кВ Кингисеппская – ПС 750 кВ Ленинградская'}]}], 'path': 'data.json'}
2023-02-13 18:34:19.335735  Load 404 page
2023-02-13 18:43:07.119108  Load Index page with {'method': 'get', 'secret': '13.02.2023', 'key': [b'PATH: /Users/diver.vlz/Documents/Patterns/venv/bin:/opt/homebrew/bin:/opt/homebrew/sbin:/Library/Frameworks/Python.framework/Versions/3.10/bin:/usr/local/bin:/System/Cryptexes/App/usr/bin:/usr/bin:/bin:/usr/sbin:/sbin\n', b'MANPATH: /opt/homebrew/share/man::\n', b'HOMEBREW_PREFIX: /opt/homebrew\n', b'COMMAND_MODE: unix2003\n', b'PS1: (venv) \n', b'LOGNAME: diver.vlz\n', b'HOMEBREW_REPOSITORY: /opt/homebrew\n', b'XPC_SERVICE_NAME: application.com.jetbrains.pycharm.286427.287187\n', b'PWD: /Users/diver.vlz/Documents/Patterns/Pattern/LocalProgect\n', b'PYCHARM_HOSTED: 1\n', b'INFOPATH: /opt/homebrew/share/info:\n', b'__CFBundleIdentifier: com.jetbrains.pycharm\n', b'PYTHONPATH: /Users/diver.vlz/Documents/Patterns\n', b'SHELL: /bin/zsh\n', b'PYTHONIOENCODING: UTF-8\n', b'OLDPWD: /\n', b'HOMEBREW_CELLAR: /opt/homebrew/Cellar\n', b'USER: diver.vlz\n', b'TMPDIR: /var/folders/p1/qs7c6c1x0xqg2s_lnhfmwg9m0000gn/T/\n', b'SSH_AUTH_SOCK: /private/tmp/com.apple.launchd.D7bbebUQBV/Listeners\n', b'VIRTUAL_ENV: /Users/diver.vlz/Documents/Patterns/venv\n', b'XPC_FLAGS: 0x0\n', b'PYTHONUNBUFFERED: 1\n', b'__CF_USER_TEXT_ENCODING: 0x1F5:0x7:0x31\n', b'LC_CTYPE: ru_RU.UTF-8\n', b'HOME: /Users/diver.vlz\n'], 'description': "Вывод переменной environ['PATH_INFO'] из базовой логики приложения:", 'data': [{'object': 'ПС 750 кВ Копорская', 'object_number': '3.1', 'items': [{'item_number': '3.1.1', 'item_title': 'ПКУС №1 (№2) по ВОКС ПС 750 кВ Копорская –  ПС 330 кВ Кингисеппская, ПС 330 кВ Гатчинская, ПС 750 кВ Ленинградская'}, {'item_number': '3.1.2', 'item_title': 'ПКУС №3 (№4) по ВОКС ПС 750 кВ Копорская –  Ленинградская АЭС (ОРУ 330 кВ, ОРУ 750 кВ), ПС 330 кВ Звёздная'}, {'item_number': '3.1.3', 'item_title': 'NSD №1 (№2) по ВОКС ПС 750 кВ Копорская – ПС 330 кВ Пулковская'}]}, {'object': 'ПС 750 кВ Ленинградская', 'object_number': '3.2', 'items': [{'item_number': '3.2.1', 'item_title': 'ПКУ по ВОКС ПС 750 кВ Ленинградская – ПС 330 кВ Колпино,  ПС 330 кВ Восточная'}, {'item_number': '3.2.2', 'item_title': 'ПКУС №1 по ВОКС ПС 750 кВ Ленинградская – ПС 400 кВ Выборгская, ПС 330 кВ Звёздная, Новгородская ТЭЦ, Киришская ГРЭС, Правобережная ТЭЦ'}, {'item_number': '3.2.3', 'item_title': 'ПКУС №2 по ВОКС ПС 750 кВ Ленинградская – ПС 330 кВ Звёздная, Новгородская ТЭЦ, Киришская ГРЭС, Правобережная ТЭЦ'}, {'item_number': '3.2.4', 'item_title': 'ПКУС №3 по ВОКС ПС 750 кВ Ленинградская – ПС 330 кВ Центральная, ПС 330 кВ Парнас, ПС 330 кВ Завод Ильич'}, {'item_number': '3.2.5', 'item_title': 'ПКУС №4 по ВОКС ПС 750 кВ Ленинградская – ПС 330 кВ Центральная, ПС 330 кВ Парнас, ПС 330 кВ Завод Ильич, ПС 750 кВ Копорская'}, {'item_number': '3.2.6', 'item_title': 'ПКУС №7 по ВОКС ПС 750 кВ Ленинградская – ПС 330 кВ Кингисеппская, ПС 750 кВ Копорская, Ленинградская АЭС'}, {'item_number': '3.2.7', 'item_title': 'ПКУС №2 по ВОКС ПС 330 кВ Кингисеппская – ПС 750 кВ Ленинградская'}]}], 'path': 'data.json'}
2023-02-13 18:43:07.133795  Load 404 page
2023-02-13 18:43:21.235626  Load Home page
2023-02-13 18:43:25.604207  Load Other page
2023-02-13 18:43:33.315892  Load Post page
2023-02-13 18:43:35.936166  Load Index page with {'method': 'get', 'secret': '13.02.2023', 'key': [b'PATH: /Users/diver.vlz/Documents/Patterns/venv/bin:/opt/homebrew/bin:/opt/homebrew/sbin:/Library/Frameworks/Python.framework/Versions/3.10/bin:/usr/local/bin:/System/Cryptexes/App/usr/bin:/usr/bin:/bin:/usr/sbin:/sbin\n', b'MANPATH: /opt/homebrew/share/man::\n', b'HOMEBREW_PREFIX: /opt/homebrew\n', b'COMMAND_MODE: unix2003\n', b'PS1: (venv) \n', b'LOGNAME: diver.vlz\n', b'HOMEBREW_REPOSITORY: /opt/homebrew\n', b'XPC_SERVICE_NAME: application.com.jetbrains.pycharm.286427.287187\n', b'PWD: /Users/diver.vlz/Documents/Patterns/Pattern/LocalProgect\n', b'PYCHARM_HOSTED: 1\n', b'INFOPATH: /opt/homebrew/share/info:\n', b'__CFBundleIdentifier: com.jetbrains.pycharm\n', b'PYTHONPATH: /Users/diver.vlz/Documents/Patterns\n', b'SHELL: /bin/zsh\n', b'PYTHONIOENCODING: UTF-8\n', b'OLDPWD: /\n', b'HOMEBREW_CELLAR: /opt/homebrew/Cellar\n', b'USER: diver.vlz\n', b'TMPDIR: /var/folders/p1/qs7c6c1x0xqg2s_lnhfmwg9m0000gn/T/\n', b'SSH_AUTH_SOCK: /private/tmp/com.apple.launchd.D7bbebUQBV/Listeners\n', b'VIRTUAL_ENV: /Users/diver.vlz/Documents/Patterns/venv\n', b'XPC_FLAGS: 0x0\n', b'PYTHONUNBUFFERED: 1\n', b'__CF_USER_TEXT_ENCODING: 0x1F5:0x7:0x31\n', b'LC_CTYPE: ru_RU.UTF-8\n', b'HOME: /Users/diver.vlz\n'], 'description': "Вывод переменной environ['PATH_INFO'] из базовой логики приложения:", 'data': [{'object': 'ПС 750 кВ Копорская', 'object_number': '3.1', 'items': [{'item_number': '3.1.1', 'item_title': 'ПКУС №1 (№2) по ВОКС ПС 750 кВ Копорская –  ПС 330 кВ Кингисеппская, ПС 330 кВ Гатчинская, ПС 750 кВ Ленинградская'}, {'item_number': '3.1.2', 'item_title': 'ПКУС №3 (№4) по ВОКС ПС 750 кВ Копорская –  Ленинградская АЭС (ОРУ 330 кВ, ОРУ 750 кВ), ПС 330 кВ Звёздная'}, {'item_number': '3.1.3', 'item_title': 'NSD №1 (№2) по ВОКС ПС 750 кВ Копорская – ПС 330 кВ Пулковская'}]}, {'object': 'ПС 750 кВ Ленинградская', 'object_number': '3.2', 'items': [{'item_number': '3.2.1', 'item_title': 'ПКУ по ВОКС ПС 750 кВ Ленинградская – ПС 330 кВ Колпино,  ПС 330 кВ Восточная'}, {'item_number': '3.2.2', 'item_title': 'ПКУС №1 по ВОКС ПС 750 кВ Ленинградская – ПС 400 кВ Выборгская, ПС 330 кВ Звёздная, Новгородская ТЭЦ, Киришская ГРЭС, Правобережная ТЭЦ'}, {'item_number': '3.2.3', 'item_title': 'ПКУС №2 по ВОКС ПС 750 кВ Ленинградская – ПС 330 кВ Звёздная, Новгородская ТЭЦ, Киришская ГРЭС, Правобережная ТЭЦ'}, {'item_number': '3.2.4', 'item_title': 'ПКУС №3 по ВОКС ПС 750 кВ Ленинградская – ПС 330 кВ Центральная, ПС 330 кВ Парнас, ПС 330 кВ Завод Ильич'}, {'item_number': '3.2.5', 'item_title': 'ПКУС №4 по ВОКС ПС 750 кВ Ленинградская – ПС 330 кВ Центральная, ПС 330 кВ Парнас, ПС 330 кВ Завод Ильич, ПС 750 кВ Копорская'}, {'item_number': '3.2.6', 'item_title': 'ПКУС №7 по ВОКС ПС 750 кВ Ленинградская – ПС 330 кВ Кингисеппская, ПС 750 кВ Копорская, Ленинградская АЭС'}, {'item_number': '3.2.7', 'item_title': 'ПКУС №2 по ВОКС ПС 330 кВ Кингисеппская – ПС 750 кВ Ленинградская'}]}], 'path': 'data.json'}
2023-02-13 18:43:35.951977  Load 404 page
2023-02-13 18:45:12.166438  Load Index page with get
2023-02-13 18:45:12.184187  Load 404 page
2023-02-13 18:45:13.165990  Load Home page
2023-02-13 18:45:14.749718  Load Other page with get
2023-02-14 10:58:24.969613  Load Index page with get
2023-02-14 10:58:24.986564  Load 404 page
2023-02-14 10:58:34.297718  Load Home page
2023-02-14 10:58:35.179969  Load Other page with get
2023-02-14 10:58:36.513459  Load Post page
2023-02-14 10:58:38.548749  Load Index page with get
2023-02-14 10:58:38.561367  Load 404 page
2023-02-16 22:17:51.869045  Load Index page with get
2023-02-16 22:17:51.876626  Load 404 page
2023-02-16 22:17:51.891939  Load 404 page
2023-02-16 22:17:51.893378  Load 404 page
2023-02-16 22:17:54.009392  Load Home page
2023-02-16 22:17:54.710375  Load Other page with get
2023-02-16 22:17:55.467157  Load Post page
2023-02-16 22:17:56.818879  Load Index page with get
2023-02-16 22:17:56.830400  Load 404 page
2023-02-16 23:06:36.981526  Load Index page with get
2023-02-16 23:06:39.104751  Load Post page
2023-02-16 23:07:01.341379  Load Post page
2023-02-16 23:07:07.625095  Load Index page with get
2023-02-16 23:07:07.640452  Load 404 page
2023-02-16 23:30:56.245138  Load Index page with get
2023-02-16 23:30:56.267166  Load 404 page
2023-02-16 23:30:59.283717  Load Index page with get
2023-02-16 23:30:59.296423  Load 404 page
2023-02-16 23:38:06.634626  Load Index page with get
2023-02-16 23:38:06.648108  Load 404 page
2023-02-16 23:38:10.892646  Load Index page with get
2023-02-16 23:38:10.906126  Load 404 page
2023-02-16 23:38:16.509719  Load Index page with get
2023-02-16 23:38:16.525799  Load 404 page
2023-02-16 23:47:30.675228  Load Index page with get
2023-02-16 23:47:30.697874  Load 404 page
2023-02-16 23:48:11.914219  Load Other page with get
2023-02-16 23:53:15.996430  Load Index page with get
2023-02-16 23:53:16.012569  Load 404 page
2023-02-16 23:55:21.998776  Load Index page with get
2023-02-16 23:55:22.018264  Load 404 page
2023-02-16 23:58:38.182791  Load Index page with get
2023-02-16 23:58:38.203021  Load 404 page
2023-02-16 23:58:49.656626  Load Index page with get
2023-02-16 23:58:49.668873  Load 404 page
2023-02-16 23:59:36.034437  Load Index page with get
2023-02-16 23:59:36.055789  Load 404 page
2023-02-16 23:59:45.412002  Load Other page with get
2023-02-17 00:00:16.952341  Load Home page
2023-02-17 00:00:18.863729  Load Other page with get
2023-02-17 00:03:14.534800  Load Index page with get
2023-02-17 00:03:14.552395  Load 404 page
2023-02-17 00:07:10.336103  Load Index page with get
2023-02-17 00:07:10.355567  Load 404 page
2023-02-17 00:08:44.376339  Load Index page with get
2023-02-17 00:08:44.390620  Load 404 page
2023-02-17 00:08:47.505884  Load Index page with get
2023-02-17 00:08:47.518511  Load 404 page
2023-02-17 00:08:51.742739  Load Post page
2023-02-17 00:08:51.796704  Load Index page with get
2023-02-17 00:08:51.807347  Load 404 page
2023-02-17 00:08:59.164179  Load Index page with get
2023-02-17 00:08:59.178706  Load 404 page
2023-02-17 00:10:09.265623  Load 404 page
2023-02-17 00:10:09.266436  Load 404 page
2023-02-17 00:10:09.267149  Load 404 page
2023-02-17 00:10:15.404360  Load Index page with get
2023-02-17 00:10:15.421190  Load 404 page
2023-02-17 00:29:00.583605  Список категорий
2023-02-17 00:30:19.751217  Load Index page with get
2023-02-17 00:30:19.770814  Load 404 page
2023-02-17 00:30:46.029573  Load Index page with get
2023-02-17 00:30:46.045728  Load 404 page
2023-02-17 00:30:48.314851  Список категорий
2023-02-17 00:36:14.856637  Load Index page with get
2023-02-17 00:36:14.874246  Load 404 page
2023-02-17 00:36:25.364165  Load Index page with get
2023-02-17 00:36:25.377720  Load 404 page
2023-02-17 00:37:28.165418  Load Index page with get
2023-02-17 00:37:28.186818  Load 404 page
2023-02-17 00:39:59.360219  Список категорий
2023-02-17 00:41:23.767551  Load Index page with get
2023-02-17 00:41:23.788774  Load 404 page
2023-02-17 00:41:34.275814  Load Index page with get
2023-02-17 00:41:34.290515  Load 404 page
2023-02-17 00:48:12.717954  Load Index page with get
2023-02-17 00:48:12.732706  Load 404 page
2023-02-17 00:50:04.647343  Load Index page with get
2023-02-17 00:50:04.664258  Load 404 page
2023-02-17 00:50:12.696402  Список категорий
2023-02-17 00:51:04.846182  Load Index page with get
2023-02-17 00:51:04.859697  Load 404 page
2023-02-17 00:52:15.217672  Список категорий
2023-02-17 00:57:29.530360  Load Index page with get
2023-02-17 00:57:29.552358  Load 404 page
2023-02-17 00:57:33.107817  Список категорий
2023-02-17 01:07:27.204671  Load Index page with get
2023-02-17 01:07:27.216833  Load 404 page
2023-02-17 01:08:09.131143  Load Index page with get
2023-02-17 01:08:11.400873  Список категорий
2023-02-17 01:11:47.416178  Load Index page with get
2023-02-17 01:11:47.433164  Load 404 page
2023-02-17 01:11:49.575894  Список категорий
2023-02-17 01:14:08.975947  Load Index page with get
2023-02-17 01:14:08.992731  Load 404 page
2023-02-17 01:14:16.406021  Список категорий
2023-02-17 01:14:52.934422  Load Index page with get
2023-02-17 01:14:52.953134  Load 404 page
2023-02-17 01:14:54.376496  Список категорий
2023-02-17 01:18:42.073697  Load Index page with get
2023-02-17 01:18:42.094218  Load 404 page
2023-02-17 01:18:43.984993  Список категорий
2023-02-17 01:21:57.377772  Load Index page with get
2023-02-17 01:21:57.395902  Load 404 page
2023-02-17 01:21:58.518249  Список категорий
2023-02-17 01:22:07.861921  Create new category - first
2023-02-17 01:25:02.379504  Load Index page with get
2023-02-17 01:25:02.393378  Load 404 page
2023-02-17 01:25:03.938793  Список категорий
2023-02-17 01:31:47.929738  Load Index page with get
2023-02-17 01:31:47.952250  Load 404 page
2023-02-17 01:31:49.435789  Load Home page
2023-02-17 01:31:50.406359  Load Other page with get
2023-02-17 01:31:51.977925  Список категорий
2023-02-17 01:40:15.096943  Load Post page
2023-02-17 01:40:16.015485  Список категорий
2023-02-17 01:40:16.930921  Load Other page with get
2023-02-17 01:40:17.916118  Load Home page
2023-02-17 01:40:19.307315  Load Index page with get
2023-02-17 01:40:19.320220  Load 404 page
2023-02-17 01:40:24.734981  Load Index page with get
2023-02-17 01:40:24.752995  Load 404 page
2023-02-17 01:40:27.183865  Load Home page
2023-02-17 01:40:28.174773  Load Other page with get
2023-02-17 01:40:29.013805  Список категорий
2023-02-17 01:41:14.235681  Load Index page with get
2023-02-17 01:41:14.256744  Load 404 page
2023-02-17 01:41:15.556046  Список категорий
2023-02-17 01:43:47.677735  Список категорий
2023-02-17 01:48:41.331540  Список категорий
2023-02-17 01:50:01.378971  Load Index page with get
2023-02-17 01:50:01.393883  Load 404 page
2023-02-17 01:50:02.085810  Список категорий
2023-02-17 01:51:55.512830  Load Other page with get
2023-02-17 01:51:56.312713  Список категорий
2023-02-17 01:53:24.624687  Список категорий
2023-02-17 01:53:35.362308  Список категорий
2023-02-17 01:54:20.326738  Список категорий
2023-02-17 01:59:30.819872  Load Index page with get
2023-02-17 01:59:31.739359  Список категорий
2023-02-17 01:59:47.475702  Load Post page
2023-02-17 01:59:48.579561  Список категорий
2023-02-17 02:02:14.850462  Список категорий
2023-02-17 02:06:54.643768  Load Post page
2023-02-17 02:06:55.945768  Список категорий
2023-02-17 02:09:38.069725  Load Post page
2023-02-17 02:09:39.327466  Список категорий
2023-02-17 02:16:25.466166  Load Index page with get
2023-02-17 02:16:26.764100  Load Home page
2023-02-17 02:16:28.304515  Load Other page with get
2023-02-17 02:16:29.382947  Список категорий
2023-02-17 02:17:28.914512  Load Index page with get
2023-02-17 02:17:30.334760  Список категорий
2023-02-17 02:18:20.252712  Load Index page with get
2023-02-17 02:18:20.795945  Load Home page
2023-02-17 02:18:21.405700  Load Other page with get
2023-02-17 02:18:22.056100  Список категорий
2023-02-17 02:18:24.576098  Load Index page with get
2023-02-17 02:18:25.647519  Список категорий
2023-02-17 02:18:32.211456  Load Index page with get
2023-02-17 02:18:33.657474  Список категорий
2023-02-17 02:21:06.730263  Load Index page with get
2023-02-17 02:21:07.627717  Список категорий
2023-02-17 02:21:17.020647  Load Index page with get
2023-02-17 02:21:17.967516  Список категорий
2023-02-17 02:22:43.351079  Load Index page with get
2023-02-17 02:22:44.439278  Список категорий
2023-02-17 02:23:07.080770  Load Index page with get
